problem_id:102B metric:cosine method:complete 
['19', '14', '3']
problem_id:102B metric:cosine method:complete 
['37', '56', '1']
problem_id:102B metric:cosine method:complete 
['0', '0', '0']
problem_id:104A metric:cosine method:complete 
['18', '2', '3']
problem_id:104A metric:cosine method:complete 
['2', '0', '0']
problem_id:104A metric:cosine method:complete 
['80', '5', '73']
problem_id:108A metric:cosine method:complete 
['3', '1', '0']
problem_id:108A metric:cosine method:complete 
['59', '24', '9']
problem_id:108A metric:cosine method:complete 
['12', '3', '11']
problem_id:109A metric:cosine method:complete 
['6', '12', '4']
problem_id:109A metric:cosine method:complete 
['9', '4', '73']
problem_id:109A metric:cosine method:complete 
['65', '2', '17']
problem_id:110A metric:cosine method:complete 
['3', '0', '0']
problem_id:110A metric:cosine method:complete 
['18', '5', '10']
problem_id:110A metric:cosine method:complete 
['347', '176', '19']
problem_id:110B metric:cosine method:complete 
['5', '1', '1']
problem_id:110B metric:cosine method:complete 
['17', '4', '45']
problem_id:110B metric:cosine method:complete 
['3', '22', '4']
problem_id:112A metric:cosine method:complete 
['68', '78', '196']
problem_id:112A metric:cosine method:complete 
['94', '245', '1']
problem_id:112A metric:cosine method:complete 
['0', '0', '0']
problem_id:114A metric:cosine method:complete 
['37', '8', '1']
problem_id:114A metric:cosine method:complete 
['2', '2', '5']
problem_id:114A metric:cosine method:complete 
['4', '21', '85']
problem_id:115A metric:cosine method:complete 
['3', '6', '1']
problem_id:115A metric:cosine method:complete 
['2', '31', '75']
problem_id:115A metric:cosine method:complete 
['47', '244', '16']
problem_id:116A metric:cosine method:complete 
['30', '74', '7']
problem_id:116A metric:cosine method:complete 
['26', '57', '1']
problem_id:116A metric:cosine method:complete 
['236', '16', '139']
problem_id:116B metric:cosine method:complete 
['24', '3', '2']
problem_id:116B metric:cosine method:complete 
['28', '6', '1']
problem_id:116B metric:cosine method:complete 
['67', '3', '41']
problem_id:118A metric:cosine method:complete 
['137', '8', '168']
problem_id:118A metric:cosine method:complete 
['4', '213', '206']
problem_id:118A metric:cosine method:complete 
['0', '0', '0']
problem_id:118B metric:cosine method:complete 
['3', '3', '1']
problem_id:118B metric:cosine method:complete 
['3', '0', '0']
problem_id:118B metric:cosine method:complete 
['113', '3', '177']
problem_id:118D metric:cosine method:complete 
['15', '7', '48']
problem_id:118D metric:cosine method:complete 
['47', '3', '8']
problem_id:118D metric:cosine method:complete 
['111', '5', '71']
problem_id:119A metric:cosine method:complete 
['5', '19', '16']
problem_id:119A metric:cosine method:complete 
['134', '83', '1']
problem_id:119A metric:cosine method:complete 
['2', '2', '35']
problem_id:11A metric:cosine method:complete 
['14', '3', '6']
problem_id:11A metric:cosine method:complete 
['9', '10', '1']
problem_id:11A metric:cosine method:complete 
['28', '27', '1']
problem_id:121A metric:cosine method:complete 
['3', '0', '0']
problem_id:121A metric:cosine method:complete 
['67', '2', '7']
problem_id:121A metric:cosine method:complete 
['13', '5', '21']
problem_id:122A metric:cosine method:complete 
['2', '0', '0']
problem_id:122A metric:cosine method:complete 
['191', '124', '9']
problem_id:122A metric:cosine method:complete 
['255', '8', '45']
problem_id:122B metric:cosine method:complete 
['12', '3', '112']
problem_id:122B metric:cosine method:complete 
['19', '8', '1']
problem_id:122B metric:cosine method:complete 
['2', '0', '0']
problem_id:124A metric:cosine method:complete 
['8', '14', '61']
problem_id:124A metric:cosine method:complete 
['10', '83', '90']
problem_id:124A metric:cosine method:complete 
['0', '0', '0']
problem_id:126B metric:cosine method:complete 
['3', '19', '120']
problem_id:126B metric:cosine method:complete 
['62', '61', '5']
problem_id:126B metric:cosine method:complete 
['0', '0', '0']
problem_id:129A metric:cosine method:complete 
['6', '10', '1']
problem_id:129A metric:cosine method:complete 
['2', '17', '6']
problem_id:129A metric:cosine method:complete 
['84', '5', '57']
problem_id:129B metric:cosine method:complete 
['6', '56', '1']
problem_id:129B metric:cosine method:complete 
['7', '7', '32']
problem_id:129B metric:cosine method:complete 
['0', '0', '0']
problem_id:12A metric:cosine method:complete 
['4', '1', '1']
problem_id:12A metric:cosine method:complete 
['54', '41', '4']
problem_id:12A metric:cosine method:complete 
['0', '0', '0']
problem_id:12B metric:cosine method:complete 
['2', '0', '0']
problem_id:12B metric:cosine method:complete 
['15', '15', '1']
problem_id:12B metric:cosine method:complete 
['39', '2', '29']
problem_id:131A metric:cosine method:complete 
['22', '2', '32']
problem_id:131A metric:cosine method:complete 
['134', '9', '88']
problem_id:131A metric:cosine method:complete 
['135', '71', '6']
problem_id:131C metric:cosine method:complete 
['15', '21', '1']
problem_id:131C metric:cosine method:complete 
['6', '2', '45']
problem_id:131C metric:cosine method:complete 
['8', '24', '1']
problem_id:133A metric:cosine method:complete 
['3', '0', '0']
problem_id:133A metric:cosine method:complete 
['3', '149', '299']
problem_id:133A metric:cosine method:complete 
['13', '7', '86']
problem_id:133B metric:cosine method:complete 
['33', '35', '1']
problem_id:133B metric:cosine method:complete 
['13', '8', '24']
problem_id:133B metric:cosine method:complete 
['0', '0', '0']
problem_id:136A metric:cosine method:complete 
['317', '10', '106']
problem_id:136A metric:cosine method:complete 
['10', '10', '5']
problem_id:136A metric:cosine method:complete 
['32', '4', '57']
problem_id:137B metric:cosine method:complete 
['88', '6', '23']
problem_id:137B metric:cosine method:complete 
['2', '28', '1']
problem_id:137B metric:cosine method:complete 
['0', '0', '0']
problem_id:137C metric:cosine method:complete 
['11', '9', '23']
problem_id:137C metric:cosine method:complete 
['10', '24', '1']
problem_id:137C metric:cosine method:complete 
['2', '26', '48']
problem_id:139A metric:cosine method:complete 
['137', '72', '9']
problem_id:139A metric:cosine method:complete 
['3', '2', '1']
problem_id:139A metric:cosine method:complete 
['0', '0', '0']
problem_id:141A metric:cosine method:complete 
['174', '80', '13']
problem_id:141A metric:cosine method:complete 
['28', '3', '165']
problem_id:141A metric:cosine method:complete 
['0', '0', '0']
problem_id:143A metric:cosine method:complete 
['3', '1', '1']
problem_id:143A metric:cosine method:complete 
['3', '0', '0']
problem_id:143A metric:cosine method:complete 
['32', '29', '60']
problem_id:144A metric:cosine method:complete 
['23', '4', '296']
problem_id:144A metric:cosine method:complete 
['3', '4', '3']
problem_id:144A metric:cosine method:complete 
['158', '4', '39']
problem_id:145A metric:cosine method:complete 
['2', '3', '1']
problem_id:145A metric:cosine method:complete 
['5', '12', '4']
problem_id:145A metric:cosine method:complete 
['28', '53', '3']
problem_id:146A metric:cosine method:complete 
['2', '0', '0']
problem_id:146A metric:cosine method:complete 
['56', '37', '6']
problem_id:146A metric:cosine method:complete 
['24', '3', '59']
problem_id:148A metric:cosine method:complete 
['2', '2', '9']
problem_id:148A metric:cosine method:complete 
['357', '175', '19']
problem_id:148A metric:cosine method:complete 
['0', '0', '0']
problem_id:148D metric:cosine method:complete 
['14', '19', '36']
problem_id:148D metric:cosine method:complete 
['46', '2', '40']
problem_id:148D metric:cosine method:complete 
['0', '0', '0']
problem_id:148E metric:cosine method:complete 
['6', '7', '17']
problem_id:148E metric:cosine method:complete 
['4', '57', '1']
problem_id:148E metric:cosine method:complete 
['6', '5', '1']
problem_id:149A metric:cosine method:complete 
['55', '2', '109']
problem_id:149A metric:cosine method:complete 
['5', '23', '1']
problem_id:149A metric:cosine method:complete 
['78', '4', '73']
problem_id:149C metric:cosine method:complete 
['14', '103', '1']
problem_id:149C metric:cosine method:complete 
['35', '8', '1']
problem_id:149C metric:cosine method:complete 
['0', '0', '0']
problem_id:14A metric:cosine method:complete 
['2', '7', '26']
problem_id:14A metric:cosine method:complete 
['8', '55', '8']
problem_id:14A metric:cosine method:complete 
['2', '9', '3']
problem_id:151A metric:cosine method:complete 
['4', '53', '6']
problem_id:151A metric:cosine method:complete 
['16', '2', '29']
problem_id:151A metric:cosine method:complete 
['13', '33', '205']
problem_id:152A metric:cosine method:complete 
['37', '4', '36']
problem_id:152A metric:cosine method:complete 
['2', '0', '0']
problem_id:152A metric:cosine method:complete 
['93', '26', '1']
problem_id:152C metric:cosine method:complete 
['2', '8', '35']
problem_id:152C metric:cosine method:complete 
['2', '2', '0']
problem_id:152C metric:cosine method:complete 
['69', '2', '53']
problem_id:155A metric:cosine method:complete 
['6', '71', '95']
problem_id:155A metric:cosine method:complete 
['7', '2', '56']
problem_id:155A metric:cosine method:complete 
['66', '2', '81']
problem_id:155B metric:cosine method:complete 
['2', '2', '1']
problem_id:155B metric:cosine method:complete 
['11', '3', '11']
problem_id:155B metric:cosine method:complete 
['3', '33', '61']
problem_id:157B metric:cosine method:complete 
['10', '22', '83']
problem_id:157B metric:cosine method:complete 
['25', '62', '1']
problem_id:157B metric:cosine method:complete 
['0', '0', '0']
problem_id:158A metric:cosine method:complete 
['2', '30', '23']
problem_id:158A metric:cosine method:complete 
['419', '10', '126']
problem_id:158A metric:cosine method:complete 
['43', '4', '54']
problem_id:158B metric:cosine method:complete 
['3', '6', '4']
problem_id:158B metric:cosine method:complete 
['29', '62', '181']
problem_id:158B metric:cosine method:complete 
['19', '130', '190']
problem_id:160A metric:cosine method:complete 
['242', '6', '236']
problem_id:160A metric:cosine method:complete 
['15', '81', '1']
problem_id:160A metric:cosine method:complete 
['0', '0', '0']
problem_id:160B metric:cosine method:complete 
['19', '30', '1']
problem_id:160B metric:cosine method:complete 
['15', '2', '3']
problem_id:160B metric:cosine method:complete 
['20', '2', '60']
problem_id:161D metric:cosine method:complete 
['2', '2', '58']
problem_id:161D metric:cosine method:complete 
['4', '3', '50']
problem_id:161D metric:cosine method:complete 
['0', '0', '0']
problem_id:165A metric:cosine method:complete 
['3', '7', '19']
problem_id:165A metric:cosine method:complete 
['61', '93', '8']
problem_id:165A metric:cosine method:complete 
['0', '0', '0']
problem_id:165B metric:cosine method:complete 
['11', '45', '1']
problem_id:165B metric:cosine method:complete 
['30', '15', '1']
problem_id:165B metric:cosine method:complete 
['0', '0', '0']
problem_id:165C metric:cosine method:complete 
['4', '4', '67']
problem_id:165C metric:cosine method:complete 
['2', '41', '19']
problem_id:165C metric:cosine method:complete 
['10', '8', '72']
problem_id:166A metric:cosine method:complete 
['3', '2', '11']
problem_id:166A metric:cosine method:complete 
['4', '4', '1']
problem_id:166A metric:cosine method:complete 
['8', '16', '156']
problem_id:166E metric:cosine method:complete 
['25', '127', '1']
problem_id:166E metric:cosine method:complete 
['5', '23', '32']
problem_id:166E metric:cosine method:complete 
['7', '24', '1']
problem_id:168A metric:cosine method:complete 
['8', '52', '3']
problem_id:168A metric:cosine method:complete 
['2', '9', '2']
problem_id:168A metric:cosine method:complete 
['22', '34', '1']
problem_id:16A metric:cosine method:complete 
['31', '3', '51']
problem_id:16A metric:cosine method:complete 
['3', '3', '1']
problem_id:16A metric:cosine method:complete 
['8', '4', '31']
problem_id:180C metric:cosine method:complete 
['3', '8', '1']
problem_id:180C metric:cosine method:complete 
['48', '15', '1']
problem_id:180C metric:cosine method:complete 
['40', '10', '4']
problem_id:182D metric:cosine method:complete 
['3', '0', '0']
problem_id:182D metric:cosine method:complete 
['42', '2', '149']
problem_id:182D metric:cosine method:complete 
['0', '0', '0']
problem_id:186A metric:cosine method:complete 
['39', '12', '1']
problem_id:186A metric:cosine method:complete 
['14', '22', '41']
problem_id:186A metric:cosine method:complete 
['2', '8', '37']
problem_id:189A metric:cosine method:complete 
['20', '5', '10']
problem_id:189A metric:cosine method:complete 
['14', '8', '96']
problem_id:189A metric:cosine method:complete 
['76', '193', '349']
problem_id:18C metric:cosine method:complete 
['8', '11', '1']
problem_id:18C metric:cosine method:complete 
['14', '31', '1']
problem_id:18C metric:cosine method:complete 
['5', '25', '82']
problem_id:191C metric:cosine method:complete 
['3', '1', '1']
problem_id:191C metric:cosine method:complete 
['17', '3', '8']
problem_id:191C metric:cosine method:complete 
['7', '47', '30']
problem_id:192A metric:cosine method:complete 
['89', '6', '1']
problem_id:192A metric:cosine method:complete 
['12', '10', '1']
problem_id:192A metric:cosine method:complete 
['9', '28', '5']
problem_id:194A metric:cosine method:complete 
['12', '2', '8']
problem_id:194A metric:cosine method:complete 
['34', '3', '36']
problem_id:194A metric:cosine method:complete 
['29', '2', '13']
problem_id:197A metric:cosine method:complete 
['12', '20', '36']
problem_id:197A metric:cosine method:complete 
['3', '1', '0']
problem_id:197A metric:cosine method:complete 
['2', '4', '22']
problem_id:199A metric:cosine method:complete 
['4', '84', '1']
problem_id:199A metric:cosine method:complete 
['3', '4', '48']
problem_id:199A metric:cosine method:complete 
['21', '12', '1']
problem_id:1A metric:cosine method:complete 
['90', '5', '176']
problem_id:1A metric:cosine method:complete 
['3', '2', '24']
problem_id:1A metric:cosine method:complete 
['432', '20', '377']
problem_id:1B metric:cosine method:complete 
['14', '2', '17']
problem_id:1B metric:cosine method:complete 
['115', '17', '1']
problem_id:1B metric:cosine method:complete 
['5', '11', '62']
problem_id:200B metric:cosine method:complete 
['3', '0', '0']
problem_id:200B metric:cosine method:complete 
['132', '180', '44']
problem_id:200B metric:cosine method:complete 
['9', '6', '173']
problem_id:202A metric:cosine method:complete 
['30', '5', '64']
problem_id:202A metric:cosine method:complete 
['12', '5', '1']
problem_id:202A metric:cosine method:complete 
['13', '2', '6']
problem_id:205A metric:cosine method:complete 
['5', '2', '9']
problem_id:205A metric:cosine method:complete 
['26', '2', '68']
problem_id:205A metric:cosine method:complete 
['15', '3', '54']
problem_id:208A metric:cosine method:complete 
['29', '88', '61']
problem_id:208A metric:cosine method:complete 
['4', '122', '185']
problem_id:208A metric:cosine method:complete 
['0', '0', '0']
problem_id:208D metric:cosine method:complete 
['3', '1', '1']
problem_id:208D metric:cosine method:complete 
['2', '51', '14']
problem_id:208D metric:cosine method:complete 
['59', '4', '79']
problem_id:208E metric:cosine method:complete 
['2', '2', '0']
problem_id:208E metric:cosine method:complete 
['44', '12', '1']
problem_id:208E metric:cosine method:complete 
['42', '9', '7']
problem_id:20C metric:cosine method:complete 
['7', '279', '143']
problem_id:20C metric:cosine method:complete 
['10', '1', '1']
problem_id:20C metric:cosine method:complete 
['5', '4', '11']
problem_id:214A metric:cosine method:complete 
['12', '25', '51']
problem_id:214A metric:cosine method:complete 
['9', '3', '123']
problem_id:214A metric:cosine method:complete 
['7', '20', '17']
problem_id:217A metric:cosine method:complete 
['43', '6', '94']
problem_id:217A metric:cosine method:complete 
['3', '16', '142']
problem_id:217A metric:cosine method:complete 
['0', '0', '0']
problem_id:218B metric:cosine method:complete 
['37', '7', '1']
problem_id:218B metric:cosine method:complete 
['3', '7', '18']
problem_id:218B metric:cosine method:complete 
['25', '22', '1']
problem_id:219A metric:cosine method:complete 
['102', '91', '6']
problem_id:219A metric:cosine method:complete 
['14', '3', '46']
problem_id:219A metric:cosine method:complete 
['0', '0', '0']
problem_id:219C metric:cosine method:complete 
['9', '17', '1']
problem_id:219C metric:cosine method:complete 
['11', '2', '23']
problem_id:219C metric:cosine method:complete 
['2', '105', '1']
problem_id:219D metric:cosine method:complete 
['3', '8', '140']
problem_id:219D metric:cosine method:complete 
['3', '0', '0']
problem_id:219D metric:cosine method:complete 
['4', '2', '1']
problem_id:220A metric:cosine method:complete 
['2', '0', '0']
problem_id:220A metric:cosine method:complete 
['13', '2', '45']
problem_id:220A metric:cosine method:complete 
['51', '6', '46']
problem_id:220B metric:cosine method:complete 
['9', '40', '1']
problem_id:220B metric:cosine method:complete 
['6', '4', '1']
problem_id:220B metric:cosine method:complete 
['79', '3', '9']
problem_id:221A metric:cosine method:complete 
['6', '2', '1']
problem_id:221A metric:cosine method:complete 
['2', '12', '1']
problem_id:221A metric:cosine method:complete 
['6', '31', '67']
problem_id:222A metric:cosine method:complete 
['39', '29', '1']
problem_id:222A metric:cosine method:complete 
['11', '6', '1']
problem_id:222A metric:cosine method:complete 
['3', '6', '7']
problem_id:224A metric:cosine method:complete 
['8', '7', '9']
problem_id:224A metric:cosine method:complete 
['7', '68', '1']
problem_id:224A metric:cosine method:complete 
['14', '5', '115']
problem_id:225C metric:cosine method:complete 
['11', '8', '61']
problem_id:225C metric:cosine method:complete 
['46', '2', '56']
problem_id:225C metric:cosine method:complete 
['0', '0', '0']
problem_id:227B metric:cosine method:complete 
['94', '31', '1']
problem_id:227B metric:cosine method:complete 
['11', '11', '1']
problem_id:227B metric:cosine method:complete 
['4', '14', '3']
problem_id:228A metric:cosine method:complete 
['135', '176', '15']
problem_id:228A metric:cosine method:complete 
['6', '3', '1']
problem_id:228A metric:cosine method:complete 
['3', '14', '1']
problem_id:230A metric:cosine method:complete 
['96', '8', '68']
problem_id:230A metric:cosine method:complete 
['3', '16', '1']
problem_id:230A metric:cosine method:complete 
['65', '70', '154']
problem_id:230B metric:cosine method:complete 
['111', '44', '486']
problem_id:230B metric:cosine method:complete 
['0', '0', '0']
problem_id:230B metric:cosine method:complete 
['0', '0', '0']
problem_id:231A metric:cosine method:complete 
['24', '25', '1']
problem_id:231A metric:cosine method:complete 
['45', '2', '37']
problem_id:231A metric:cosine method:complete 
['8', '113', '416']
problem_id:231C metric:cosine method:complete 
['3', '0', '0']
problem_id:231C metric:cosine method:complete 
['29', '2', '35']
problem_id:231C metric:cosine method:complete 
['42', '28', '6']
problem_id:231D metric:cosine method:complete 
['2', '0', '0']
problem_id:231D metric:cosine method:complete 
['8', '12', '42']
problem_id:231D metric:cosine method:complete 
['7', '34', '10']
problem_id:233A metric:cosine method:complete 
['2', '0', '0']
problem_id:233A metric:cosine method:complete 
['45', '3', '170']
problem_id:233A metric:cosine method:complete 
['27', '2', '38']
problem_id:233B metric:cosine method:complete 
['22', '2', '18']
problem_id:233B metric:cosine method:complete 
['33', '4', '43']
problem_id:233B metric:cosine method:complete 
['0', '0', '0']
problem_id:235A metric:cosine method:complete 
['32', '19', '33']
problem_id:235A metric:cosine method:complete 
['83', '7', '39']
problem_id:235A metric:cosine method:complete 
['0', '0', '0']
problem_id:236A metric:cosine method:complete 
['2', '0', '0']
problem_id:236A metric:cosine method:complete 
['420', '11', '7']
problem_id:236A metric:cosine method:complete 
['32', '6', '132']
problem_id:236B metric:cosine method:complete 
['5', '5', '25']
problem_id:236B metric:cosine method:complete 
['18', '7', '46']
problem_id:236B metric:cosine method:complete 
['0', '0', '0']
problem_id:237A metric:cosine method:complete 
['70', '6', '20']
problem_id:237A metric:cosine method:complete 
['12', '3', '23']
problem_id:237A metric:cosine method:complete 
['5', '70', '138']
problem_id:239A metric:cosine method:complete 
['32', '5', '90']
problem_id:239A metric:cosine method:complete 
['2', '14', '11']
problem_id:239A metric:cosine method:complete 
['2', '14', '21']
problem_id:242B metric:cosine method:complete 
['59', '4', '1']
problem_id:242B metric:cosine method:complete 
['41', '2', '19']
problem_id:242B metric:cosine method:complete 
['4', '25', '1']
problem_id:242E metric:cosine method:complete 
['2', '2', '1']
problem_id:242E metric:cosine method:complete 
['41', '20', '6']
problem_id:242E metric:cosine method:complete 
['87', '31', '1']
problem_id:246A metric:cosine method:complete 
['23', '2', '12']
problem_id:246A metric:cosine method:complete 
['21', '2', '48']
problem_id:246A metric:cosine method:complete 
['0', '0', '0']
problem_id:246B metric:cosine method:complete 
['2', '0', '0']
problem_id:246B metric:cosine method:complete 
['26', '2', '45']
problem_id:246B metric:cosine method:complete 
['4', '5', '36']
problem_id:246D metric:cosine method:complete 
['6', '2', '1']
problem_id:246D metric:cosine method:complete 
['21', '11', '207']
problem_id:246D metric:cosine method:complete 
['0', '0', '0']
problem_id:248A metric:cosine method:complete 
['3', '13', '1']
problem_id:248A metric:cosine method:complete 
['34', '2', '20']
problem_id:248A metric:cosine method:complete 
['41', '3', '52']
problem_id:251A metric:cosine method:complete 
['64', '5', '4']
problem_id:251A metric:cosine method:complete 
['22', '2', '3']
problem_id:251A metric:cosine method:complete 
['27', '14', '21']
problem_id:253A metric:cosine method:complete 
['15', '3', '1']
problem_id:253A metric:cosine method:complete 
['26', '7', '3']
problem_id:253A metric:cosine method:complete 
['46', '2', '33']
problem_id:253B metric:cosine method:complete 
['30', '11', '1']
problem_id:253B metric:cosine method:complete 
['7', '10', '9']
problem_id:253B metric:cosine method:complete 
['21', '3', '45']
problem_id:255A metric:cosine method:complete 
['88', '3', '51']
problem_id:255A metric:cosine method:complete 
['3', '13', '1']
problem_id:255A metric:cosine method:complete 
['36', '47', '1']
problem_id:255C metric:cosine method:complete 
['2', '2', '1']
problem_id:255C metric:cosine method:complete 
['9', '9', '15']
problem_id:255C metric:cosine method:complete 
['7', '9', '67']
problem_id:258A metric:cosine method:complete 
['14', '5', '93']
problem_id:258A metric:cosine method:complete 
['142', '2', '15']
problem_id:258A metric:cosine method:complete 
['0', '0', '0']
problem_id:259A metric:cosine method:complete 
['3', '3', '7']
problem_id:259A metric:cosine method:complete 
['40', '8', '9']
problem_id:259A metric:cosine method:complete 
['7', '25', '1']
problem_id:259B metric:cosine method:complete 
['3', '0', '0']
problem_id:259B metric:cosine method:complete 
['7', '4', '1']
problem_id:259B metric:cosine method:complete 
['54', '7', '89']
problem_id:25A metric:cosine method:complete 
['2', '2', '0']
problem_id:25A metric:cosine method:complete 
['181', '8', '223']
problem_id:25A metric:cosine method:complete 
['0', '0', '0']
problem_id:25B metric:cosine method:complete 
['2', '0', '0']
problem_id:25B metric:cosine method:complete 
['11', '5', '1']
problem_id:25B metric:cosine method:complete 
['23', '11', '60']
problem_id:260A metric:cosine method:complete 
['9', '18', '17']
problem_id:260A metric:cosine method:complete 
['30', '21', '1']
problem_id:260A metric:cosine method:complete 
['24', '3', '3']
problem_id:262A metric:cosine method:complete 
['6', '18', '1']
problem_id:262A metric:cosine method:complete 
['2', '25', '29']
problem_id:262A metric:cosine method:complete 
['3', '59', '92']
problem_id:262B metric:cosine method:complete 
['4', '44', '6']
problem_id:262B metric:cosine method:complete 
['6', '4', '1']
problem_id:262B metric:cosine method:complete 
['10', '2', '38']
problem_id:263A metric:cosine method:complete 
['4', '86', '29']
problem_id:263A metric:cosine method:complete 
['2', '2', '0']
problem_id:263A metric:cosine method:complete 
['299', '5', '271']
problem_id:264A metric:cosine method:complete 
['35', '39', '1']
problem_id:264A metric:cosine method:complete 
['3', '0', '0']
problem_id:264A metric:cosine method:complete 
['33', '3', '87']
problem_id:264B metric:cosine method:complete 
['4', '5', '1']
problem_id:264B metric:cosine method:complete 
['15', '16', '1']
problem_id:264B metric:cosine method:complete 
['5', '21', '136']
problem_id:265A metric:cosine method:complete 
['5', '21', '61']
problem_id:265A metric:cosine method:complete 
['14', '2', '1']
problem_id:265A metric:cosine method:complete 
['4', '4', '29']
problem_id:265B metric:cosine method:complete 
['9', '4', '24']
problem_id:265B metric:cosine method:complete 
['28', '4', '88']
problem_id:265B metric:cosine method:complete 
['2', '2', '85']
problem_id:266A metric:cosine method:complete 
['99', '3', '12']
problem_id:266A metric:cosine method:complete 
['17', '6', '25']
problem_id:266A metric:cosine method:complete 
['238', '229', '8']
problem_id:266B metric:cosine method:complete 
['4', '36', '1']
problem_id:266B metric:cosine method:complete 
['156', '9', '20']
problem_id:266B metric:cosine method:complete 
['170', '308', '10']
problem_id:268A metric:cosine method:complete 
['10', '3', '39']
problem_id:268A metric:cosine method:complete 
['14', '17', '27']
problem_id:268A metric:cosine method:complete 
['91', '76', '137']
problem_id:268B metric:cosine method:complete 
['10', '111', '55']
problem_id:268B metric:cosine method:complete 
['9', '8', '118']
problem_id:268B metric:cosine method:complete 
['3', '7', '1']
problem_id:268C metric:cosine method:complete 
['66', '2', '33']
problem_id:268C metric:cosine method:complete 
['3', '10', '1']
problem_id:268C metric:cosine method:complete 
['4', '18', '101']
problem_id:269B metric:cosine method:complete 
['36', '1', '1']
problem_id:269B metric:cosine method:complete 
['3', '16', '56']
problem_id:269B metric:cosine method:complete 
['7', '6', '1']
problem_id:26A metric:cosine method:complete 
['2', '3', '1']
problem_id:26A metric:cosine method:complete 
['25', '17', '10']
problem_id:26A metric:cosine method:complete 
['32', '12', '73']
problem_id:26B metric:cosine method:complete 
['3', '2', '7']
problem_id:26B metric:cosine method:complete 
['3', '3', '1']
problem_id:26B metric:cosine method:complete 
['35', '2', '55']
problem_id:270A metric:cosine method:complete 
['127', '11', '242']
problem_id:270A metric:cosine method:complete 
['2', '0', '0']
problem_id:270A metric:cosine method:complete 
['0', '0', '0']
problem_id:271A metric:cosine method:complete 
['75', '8', '67']
problem_id:271A metric:cosine method:complete 
['11', '9', '1']
problem_id:271A metric:cosine method:complete 
['205', '9', '120']
problem_id:271B metric:cosine method:complete 
['68', '34', '11']
problem_id:271B metric:cosine method:complete 
['16', '5', '44']
problem_id:271B metric:cosine method:complete 
['0', '0', '0']
problem_id:271D metric:cosine method:complete 
['17', '28', '1']
problem_id:271D metric:cosine method:complete 
['4', '34', '148']
problem_id:271D metric:cosine method:complete 
['0', '0', '0']
problem_id:272A metric:cosine method:complete 
['2', '0', '0']
problem_id:272A metric:cosine method:complete 
['15', '33', '5']
problem_id:272A metric:cosine method:complete 
['73', '58', '6']
problem_id:272C metric:cosine method:complete 
['6', '6', '32']
problem_id:272C metric:cosine method:complete 
['7', '4', '31']
problem_id:272C metric:cosine method:complete 
['39', '6', '21']
problem_id:274A metric:cosine method:complete 
['11', '3', '15']
problem_id:274A metric:cosine method:complete 
['17', '4', '25']
problem_id:274A metric:cosine method:complete 
['3', '12', '21']
problem_id:274B metric:cosine method:complete 
['2', '2', '2']
problem_id:274B metric:cosine method:complete 
['6', '12', '14']
problem_id:274B metric:cosine method:complete 
['2', '89', '1']
problem_id:275A metric:cosine method:complete 
['54', '19', '138']
problem_id:275A metric:cosine method:complete 
['3', '4', '1']
problem_id:275A metric:cosine method:complete 
['0', '0', '0']
problem_id:276A metric:cosine method:complete 
['66', '24', '1']
problem_id:276A metric:cosine method:complete 
['56', '3', '121']
problem_id:276A metric:cosine method:complete 
['21', '13', '1']
problem_id:276B metric:cosine method:complete 
['13', '1', '1']
problem_id:276B metric:cosine method:complete 
['59', '118', '72']
problem_id:276B metric:cosine method:complete 
['0', '0', '0']
problem_id:276C metric:cosine method:complete 
['3', '0', '0']
problem_id:276C metric:cosine method:complete 
['9', '7', '119']
problem_id:276C metric:cosine method:complete 
['10', '2', '193']
problem_id:276D metric:cosine method:complete 
['14', '70', '38']
problem_id:276D metric:cosine method:complete 
['6', '80', '37']
problem_id:276D metric:cosine method:complete 
['0', '0', '0']
problem_id:277A metric:cosine method:complete 
['31', '8', '88']
problem_id:277A metric:cosine method:complete 
['3', '7', '47']
problem_id:277A metric:cosine method:complete 
['12', '39', '1']
problem_id:278A metric:cosine method:complete 
['4', '3', '25']
problem_id:278A metric:cosine method:complete 
['8', '5', '8']
problem_id:278A metric:cosine method:complete 
['47', '32', '1']
problem_id:279B metric:cosine method:complete 
['51', '5', '1']
problem_id:279B metric:cosine method:complete 
['13', '41', '22']
problem_id:279B metric:cosine method:complete 
['113', '147', '21']
problem_id:279C metric:cosine method:complete 
['2', '0', '0']
problem_id:279C metric:cosine method:complete 
['8', '8', '57']
problem_id:279C metric:cosine method:complete 
['36', '2', '100']
problem_id:27A metric:cosine method:complete 
['4', '13', '1']
problem_id:27A metric:cosine method:complete 
['10', '20', '1']
problem_id:27A metric:cosine method:complete 
['44', '95', '10']
problem_id:281A metric:cosine method:complete 
['2', '0', '0']
problem_id:281A metric:cosine method:complete 
['25', '343', '180']
problem_id:281A metric:cosine method:complete 
['0', '0', '0']
problem_id:282A metric:cosine method:complete 
['6', '14', '1']
problem_id:282A metric:cosine method:complete 
['5', '91', '15']
problem_id:282A metric:cosine method:complete 
['374', '180', '20']
problem_id:282B metric:cosine method:complete 
['3', '74', '1']
problem_id:282B metric:cosine method:complete 
['2', '18', '1']
problem_id:282B metric:cosine method:complete 
['20', '10', '23']
problem_id:282C metric:cosine method:complete 
['10', '2', '7']
problem_id:282C metric:cosine method:complete 
['7', '2', '52']
problem_id:282C metric:cosine method:complete 
['8', '4', '88']
problem_id:282E metric:cosine method:complete 
['8', '58', '1']
problem_id:282E metric:cosine method:complete 
['3', '4', '1']
problem_id:282E metric:cosine method:complete 
['13', '15', '1']
problem_id:283A metric:cosine method:complete 
['3', '3', '5']
problem_id:283A metric:cosine method:complete 
['3', '13', '41']
problem_id:283A metric:cosine method:complete 
['8', '5', '44']
problem_id:284A metric:cosine method:complete 
['8', '36', '13']
problem_id:284A metric:cosine method:complete 
['38', '1', '1']
problem_id:284A metric:cosine method:complete 
['0', '0', '0']
problem_id:285A metric:cosine method:complete 
['30', '4', '116']
problem_id:285A metric:cosine method:complete 
['6', '18', '1']
problem_id:285A metric:cosine method:complete 
['3', '1', '1']
problem_id:285B metric:cosine method:complete 
['18', '2', '13']
problem_id:285B metric:cosine method:complete 
['2', '21', '5']
problem_id:285B metric:cosine method:complete 
['25', '4', '69']
problem_id:285C metric:cosine method:complete 
['177', '29', '17']
problem_id:285C metric:cosine method:complete 
['3', '0', '0']
problem_id:285C metric:cosine method:complete 
['9', '20', '121']
problem_id:287A metric:cosine method:complete 
['6', '3', '30']
problem_id:287A metric:cosine method:complete 
['16', '23', '5']
problem_id:287A metric:cosine method:complete 
['46', '2', '25']
problem_id:289B metric:cosine method:complete 
['2', '6', '102']
problem_id:289B metric:cosine method:complete 
['4', '3', '1']
problem_id:289B metric:cosine method:complete 
['98', '2', '21']
problem_id:295A metric:cosine method:complete 
['13', '13', '41']
problem_id:295A metric:cosine method:complete 
['15', '1', '1']
problem_id:295A metric:cosine method:complete 
['13', '55', '1']
problem_id:295B metric:cosine method:complete 
['67', '64', '1']
problem_id:295B metric:cosine method:complete 
['3', '1', '0']
problem_id:295B metric:cosine method:complete 
['4', '34', '69']
problem_id:296A metric:cosine method:complete 
['6', '108', '1']
problem_id:296A metric:cosine method:complete 
['14', '3', '33']
problem_id:296A metric:cosine method:complete 
['0', '0', '0']
finotfound
finotfound
finotfound
finotfound
finotfound
finotfound
finotfound
finotfound
finotfound
finotfound
finotfound
finotfound
finotfound
finotfound
finotfound
finotfound
finotfound
finotfound
finotfound
finotfound
finotfound
finotfound
finotfound
finotfound
finotfound
finotfound
finotfound
finotfound
finotfound
finotfound
finotfound
finotfound
finotfound
finotfound
finotfound
finotfound
finotfound
finotfound
finotfound
finotfound
finotfound
finotfound
finotfound
finotfound
finotfound
finotfound
finotfound
finotfound
finotfound
finotfound
finotfound
finotfound
finotfound
finotfound
finotfound
finotfound
finotfound
finotfound
finotfound
finotfound
finotfound
finotfound
finotfound
finotfound
finotfound
finotfound
finotfound
finotfound
finotfound
finotfound
finotfound
finotfound
finotfound
finotfound
finotfound
finotfound
finotfound
finotfound
finotfound
finotfound
finotfound
finotfound
finotfound
finotfound
finotfound
finotfound
finotfound
finotfound
finotfound
finotfound
finotfound
finotfound
finotfound
finotfound
finotfound
finotfound
finotfound
finotfound
finotfound
finotfound
finotfound
finotfound
finotfound
finotfound
finotfound
finotfound
finotfound
finotfound
finotfound
finotfound
finotfound
finotfound
finotfound
finotfound
finotfound
finotfound
finotfound
finotfound
finotfound
finotfound
finotfound
finotfound
finotfound
finotfound
finotfound
finotfound
finotfound
finotfound
finotfound
finotfound
finotfound
finotfound
finotfound
finotfound
finotfound
finotfound
finotfound
finotfound
finotfound
finotfound
finotfound
finotfound
finotfound
finotfound
finotfound
finotfound
finotfound
finotfound
finotfound
finotfound
finotfound
finotfound
finotfound
finotfound
finotfound
finotfound
finotfound
finotfound
finotfound
finotfound
finotfound
finotfound
finotfound
finotfound
finotfound
finotfound
finotfound
finotfound
finotfound
finotfound
finotfound
finotfound
finotfound
finotfound
finotfound
finotfound
finotfound
finotfound
finotfound
finotfound
finotfound
finotfound
finotfound
finotfound
finotfound
finotfound
finotfound
finotfound
finotfound
finotfound
finotfound
finotfound
finotfound
finotfound
finotfound
finotfound
finotfound
finotfound
finotfound
finotfound
finotfound
finotfound
finotfound
finotfound
finotfound
finotfound
finotfound
finotfound
finotfound
finotfound
finotfound
finotfound
finotfound
finotfound
finotfound
finotfound
finotfound
finotfound
finotfound
finotfound
finotfound
finotfound
finotfound
finotfound
finotfound
finotfound
finotfound
finotfound
finotfound
finotfound
finotfound
finotfound
finotfound
finotfound
finotfound
finotfound
finotfound
finotfound
finotfound
finotfound
finotfound
finotfound
finotfound
finotfound
finotfound
finotfound
finotfound
finotfound
finotfound
finotfound
finotfound
finotfound
finotfound
finotfound
finotfound
finotfound
finotfound
finotfound
finotfound
finotfound
finotfound
finotfound
finotfound
finotfound
finotfound
finotfound
finotfound
finotfound
finotfound
finotfound
finotfound
finotfound
finotfound
finotfound
finotfound
finotfound
finotfound
finotfound
finotfound
finotfound
finotfound
finotfound
finotfound
finotfound
finotfound
finotfound
finotfound
finotfound
finotfound
finotfound
finotfound
finotfound
finotfound
finotfound
finotfound
finotfound
finotfound
finotfound
finotfound
finotfound
finotfound
finotfound
finotfound
finotfound
finotfound
finotfound
finotfound
finotfound
finotfound
finotfound
finotfound
finotfound
finotfound
finotfound
finotfound
finotfound
finotfound
finotfound
finotfound
finotfound
finotfound
finotfound
finotfound
finotfound
finotfound
finotfound
finotfound
finotfound
finotfound
finotfound
finotfound
finotfound
finotfound
finotfound
finotfound
finotfound
finotfound
finotfound
finotfound
finotfound
finotfound
finotfound
finotfound
finotfound
finotfound
finotfound
finotfound
finotfound
finotfound
finotfound
finotfound
finotfound
finotfound
finotfound
finotfound
finotfound
finotfound
finotfound
finotfound
finotfound
finotfound
finotfound
finotfound
finotfound
finotfound
finotfound
finotfound
finotfound
finotfound
finotfound
finotfound
finotfound
finotfound
finotfound
finotfound
finotfound
finotfound
finotfound
finotfound
finotfound
finotfound
finotfound
finotfound
finotfound
finotfound
finotfound
finotfound
finotfound
finotfound
finotfound
finotfound
finotfound
finotfound
finotfound
finotfound
finotfound
finotfound
finotfound
finotfound
finotfound
finotfound
finotfound
finotfound
finotfound
finotfound
finotfound
finotfound
finotfound
finotfound
finotfound
finotfound
finotfound
finotfound
finotfound
finotfound
finotfound
finotfound
finotfound
finotfound
finotfound
finotfound
finotfound
finotfound
finotfound
finotfound
finotfound
finotfound
finotfound
finotfound
finotfound
finotfound
finotfound
finotfound
finotfound
finotfound
finotfound
finotfound
finotfound
finotfound
finotfound
finotfound
finotfound
finotfound
finotfound
finotfound
finotfound
finotfound
finotfound
finotfound
finotfound
finotfound
finotfound
finotfound
finotfound
finotfound
finotfound
finotfound
finotfound
finotfound
finotfound
finotfound
finotfound
finotfound
finotfound
finotfound
finotfound
finotfound
finotfound
finotfound
finotfound
finotfound
finotfound
finotfound
finotfound
finotfound
finotfound
finotfound
finotfound
finotfound
finotfound
finotfound
finotfound
finotfound
finotfound
finotfound
finotfound
finotfound
finotfound
finotfound
finotfound
finotfound
finotfound
finotfound
finotfound
finotfound
finotfound
finotfound
finotfound
finotfound
finotfound
finotfound
finotfound
finotfound
finotfound
finotfound
finotfound
finotfound
finotfound
finotfound
finotfound
finotfound
finotfound
finotfound
finotfound
finotfound
finotfound
finotfound
finotfound
finotfound
finotfound
finotfound
finotfound
finotfound
finotfound
finotfound
finotfound
finotfound
finotfound
finotfound
finotfound
finotfound
finotfound
finotfound
finotfound
finotfound
finotfound
finotfound
finotfound
finotfound
finotfound
finotfound
finotfound
finotfound
finotfound
finotfound
finotfound
finotfound
finotfound
finotfound
finotfound
finotfound
finotfound
finotfound
finotfound
finotfound
finotfound
finotfound
finotfound
finotfound
finotfound
finotfound
finotfound
finotfound
finotfound
finotfound
finotfound
finotfound
finotfound
finotfound
finotfound
finotfound
finotfound
finotfound
finotfound
finotfound
finotfound
finotfound
finotfound
finotfound
finotfound
finotfound
finotfound
finotfound
finotfound
finotfound
finotfound
finotfound
finotfound
finotfound
finotfound
finotfound
finotfound
finotfound
finotfound
finotfound
finotfound
finotfound
finotfound
finotfound
finotfound
finotfound
finotfound
finotfound
finotfound
finotfound
finotfound
finotfound
finotfound
finotfound
finotfound
finotfound
finotfound
finotfound
finotfound
finotfound
finotfound
finotfound
finotfound
finotfound
finotfound
finotfound
finotfound
finotfound
finotfound
finotfound
finotfound
finotfound
finotfound
finotfound
finotfound
finotfound
finotfound
finotfound
finotfound
finotfound
finotfound
finotfound
finotfound
finotfound
finotfound
finotfound
finotfound
finotfound
finotfound
finotfound
finotfound
finotfound
finotfound
finotfound
finotfound
finotfound
finotfound
finotfound
finotfound
finotfound
finotfound
finotfound
finotfound
finotfound
finotfound
finotfound
finotfound
finotfound
finotfound
finotfound
finotfound
finotfound
finotfound
finotfound
finotfound
finotfound
finotfound
finotfound
finotfound
finotfound
finotfound
finotfound
finotfound
finotfound
finotfound
finotfound
finotfound
finotfound
finotfound
finotfound
finotfound
finotfound
finotfound
finotfound
finotfound
finotfound
finotfound
finotfound
finotfound
finotfound
finotfound
finotfound
finotfound
finotfound
finotfound
finotfound
finotfound
finotfound
finotfound
finotfound
finotfound
finotfound
finotfound
finotfound
finotfound
finotfound
finotfound
finotfound
finotfound
finotfound
finotfound
finotfound
finotfound
finotfound
finotfound
finotfound
finotfound
finotfound
finotfound
finotfound
finotfound
finotfound
finotfound
finotfound
finotfound
finotfound
finotfound
finotfound
finotfound
finotfound
finotfound
finotfound
finotfound
finotfound
finotfound
finotfound
finotfound
finotfound
finotfound
finotfound
finotfound
finotfound
finotfound
finotfound
finotfound
finotfound
finotfound
finotfound
finotfound
finotfound
finotfound
finotfound
finotfound
finotfound
finotfound
finotfound
finotfound
---------------------------------------------count_cluster_elements.py-----------------------------------------
